============================================
EC2 Tripartite Empathy Deployment
============================================
Instance type: g5.xlarge
Region: us-east-1

Step 1: Launching EC2 instance...
Instance ID: i-0eba493a01e559f35

Step 2: Waiting for instance to be running...
Instance IP: 18.212.122.191

Step 3: Waiting for SSH to be available...
  Attempt 1/30...
  Attempt 2/30...
  Attempt 3/30...
  Attempt 4/30...
  Attempt 5/30...
  Attempt 6/30...
  Attempt 7/30...
  Attempt 8/30...
  Attempt 9/30...
  Attempt 10/30...
  Attempt 11/30...
  Attempt 12/30...
  Attempt 13/30...
  Attempt 14/30...
  Attempt 15/30...
  Attempt 16/30...
  Attempt 17/30...
  Attempt 18/30...
  Attempt 19/30...
  Attempt 20/30...
  Attempt 21/30...
  Attempt 22/30...
  Attempt 23/30...
  Attempt 24/30...
  Attempt 25/30...
  Attempt 26/30...
  Attempt 27/30...
  Attempt 28/30...
  Attempt 29/30...
  Attempt 30/30...

Step 4: Setting up experiments on instance...
Pseudo-terminal will not be allocated because stdin is not a terminal.
ubuntu@18.212.122.191: Permission denied (publickey).
