============================================
Running Tripartite Empathy Experiments
============================================
Instance: i-0eba493a01e559f35
IP: 18.212.122.191

Waiting for Docker build to complete...
  Still building...
  Still building...
  Still building...
  Still building...
  Still building...
✓ Docker image ready

============================================
Starting Experiments (4-5 hours)
============================================
Pseudo-terminal will not be allocated because stdin is not a terminal.
Welcome to Ubuntu 22.04.3 LTS (GNU/Linux 6.2.0-1017-aws x86_64)

 * Documentation:  https://help.ubuntu.com
 * Management:     https://landscape.canonical.com
 * Support:        https://ubuntu.com/advantage

  System information as of Wed Jan 21 01:53:51 UTC 2026

  System load:  1.79541015625      Processes:                128
  Usage of /:   17.2% of 96.73GB   Users logged in:          0
  Memory usage: 5%                 IPv4 address for docker0: 172.17.0.1
  Swap usage:   0%                 IPv4 address for ens5:    172.31.34.139

 * Ubuntu Pro delivers the most comprehensive open source security and
   compliance features.

   https://ubuntu.com/aws/pro

Expanded Security Maintenance for Applications is not enabled.

251 updates can be applied immediately.
173 of these updates are standard security updates.
To see these additional updates run: apt list --upgradable

1 additional security update can be applied with ESM Apps.
Learn more about enabling ESM Apps service at https://ubuntu.com/esm

New release '24.04.3 LTS' available.
Run 'do-release-upgrade' to upgrade to it.


=== Running experiments ===
Started at: Wed Jan 21 01:53:54 UTC 2026


=== Experiments complete at: Wed Jan 21 01:53:55 UTC 2026 ===
docker: Error response from daemon: failed to create task for container: failed to create shim task: OCI runtime create failed: runc create failed: unable to start container process: error during container init: error running prestart hook #0: exit status 1, stdout: , stderr: Auto-detected mode as 'legacy'
nvidia-container-cli: initialization error: load library failed: libnvidia-ml.so.1: cannot open shared object file: no such file or directory: unknown

Run 'docker run --help' for more information
ls: cannot access 'experiments/tripartite/results/': No such file or directory
